2025-08-09 19:42:47,427 - ERROR - Tried to convert a non-numeric string to int
Traceback (most recent call last):
  File "C:\VS_Code\Clone\Python\Error_Logging\main.py", line 12, in <module>
    num = int("abc")
ValueError: invalid literal for int() with base 10: 'abc'
2025-08-09 19:42:47,439 - INFO - Program completed
2025-08-09 19:54:19,890 - ERROR - Tried to convert a non-numeric string to int
Traceback (most recent call last):
  File "C:\VS_Code\Clone\Python\Error_Logging\main.py", line 12, in <module>
    num = int("abc")
ValueError: invalid literal for int() with base 10: 'abc'
2025-08-09 19:54:19,902 - INFO - Program completed
2025-08-09 19:54:53,822 - ERROR - Tried to convert a non-numeric string to int
Traceback (most recent call last):
  File "C:\VS_Code\Clone\Python\Error_Logging\main.py", line 12, in <module>
    num = int("abc")
ValueError: invalid literal for int() with base 10: 'abc'
2025-08-09 19:55:03,883 - INFO - Program completed
2025-08-09 19:55:55,211 - ERROR - Tried to convert a non-numeric string to int
Traceback (most recent call last):
  File "C:\VS_Code\Clone\Python\Error_Logging\main.py", line 12, in <module>
    num = int("abc")
ValueError: invalid literal for int() with base 10: 'abc'
2025-08-09 19:56:01,632 - WARNING - Invalid operation
2025-08-09 19:56:01,632 - INFO - Program completed
2025-08-09 20:00:40,055 - ERROR - Tried to convert a non-numeric string to int
Traceback (most recent call last):
  File "C:\VS_Code\Clone\Python\Error_Logging\main.py", line 12, in <module>
    num = int("abc")
ValueError: invalid literal for int() with base 10: 'abc'
2025-08-09 20:00:48,531 - ERROR - Error! Division by zero is not allowed
2025-08-09 20:00:48,531 - INFO - Program completed
